<?xml version="1.0" encoding="UTF-8"?>
<!-- Generated by org.testng.reporters.JUnitXMLReporter -->
<testsuite hostname="DESKTOP-HFUG0EO" ignored="0" name="Test" tests="1" failures="0" timestamp="2023-03-19T21:07:36 IST" time="63.767" errors="0">
  <testcase name="@AfterMethod saveScreenShot" time="0.006" classname="paraBank.TestClasses.TC0_RegistrationPage_Test">
    <failure type="java.lang.NullPointerException">
      <![CDATA[java.lang.NullPointerException
at commonMethods.TakeScreenShots.getScreenShots(TakeScreenShots.java:24)
at paraBank.TestClasses.TC0_RegistrationPage_Test.saveScreenShot(TC0_RegistrationPage_Test.java:55)
at java.util.concurrent.ThreadPoolExecutor.runWorker(ThreadPoolExecutor.java:1149)
at java.util.concurrent.ThreadPoolExecutor$Worker.run(ThreadPoolExecutor.java:624)
at java.lang.Thread.run(Thread.java:748)
... Removed 17 stack frames]]>
    </failure>
  </testcase> <!-- @AfterMethod saveScreenShot -->
  <testcase name="@AfterClass tearDown" time="-1.679240256432E9" classname="BasePackage.BaseClass">
    <skipped/>
  </testcase> <!-- @AfterClass tearDown -->
  <testcase name="registrationPage" time="5.689" classname="paraBank.TestClasses.TC0_RegistrationPage_Test"/>
</testsuite> <!-- Test -->
