<?xml version="1.0" encoding="UTF-8"?>
<!-- Generated by org.testng.reporters.JUnitXMLReporter -->
<testsuite ignored="0" hostname="DESKTOP-HFUG0EO" failures="0" tests="1" name="Test" time="0.065" errors="0" timestamp="2022-12-04T14:57:28 IST">
  <testcase classname="Demo.Login" name="@BeforeSuite openBrowser1" time="0.86">
    <failure type="java.lang.NoSuchMethodError" message="&amp;apos;com.google.common.collect.ImmutableMap com.google.common.collect.ImmutableMap.of(java.lang.Object, java.lang.Object, java.lang.Object, java.lang.Object, java.lang.Object, java.lang.Object, java.lang.Object, java.lang.Object, java.lang.Object, java.lang.Object, java.lang.Object, java.lang.Object)&amp;apos;">
      <![CDATA[java.lang.NoSuchMethodError: 'com.google.common.collect.ImmutableMap com.google.common.collect.ImmutableMap.of(java.lang.Object, java.lang.Object, java.lang.Object, java.lang.Object, java.lang.Object, java.lang.Object, java.lang.Object, java.lang.Object, java.lang.Object, java.lang.Object, java.lang.Object, java.lang.Object)'
at org.openqa.selenium.chrome.AddHasCasting.getAdditionalCommands(AddHasCasting.java:38)
at org.openqa.selenium.chrome.ChromeDriver$ChromeDriverCommandExecutor.getExtraCommands(ChromeDriver.java:98)
at org.openqa.selenium.chrome.ChromeDriver$ChromeDriverCommandExecutor.<init>(ChromeDriver.java:93)
at org.openqa.selenium.chrome.ChromeDriver.<init>(ChromeDriver.java:81)
at org.openqa.selenium.chrome.ChromeDriver.<init>(ChromeDriver.java:49)
at Demo.Login.openBrowser1(Login.java:26)
... Removed 19 stack frames]]>
    </failure>
  </testcase> <!-- @BeforeSuite openBrowser1 -->
  <testcase classname="Demo.Login" name="@BeforeTest openUrl" time="-1.670146048432E9">
    <skipped/>
  </testcase> <!-- @BeforeTest openUrl -->
  <testcase classname="Demo.Login" name="checkItems" time="0.0">
    <skipped/>
  </testcase> <!-- checkItems -->
</testsuite> <!-- Test -->
