<?xml version="1.0" encoding="UTF-8"?>
<testng-results skipped="0" failed="0" ignored="0" total="1" passed="1">
  <reporter-output>
  </reporter-output>
  <suite name="Default suite" duration-ms="34198" started-at="2022-12-18T11:05:52 IST" finished-at="2022-12-18T11:06:26 IST">
    <groups>
    </groups>
    <test name="Default test" duration-ms="34198" started-at="2022-12-18T11:05:52 IST" finished-at="2022-12-18T11:06:26 IST">
      <class name="com.Tests.InformationPageTest">
        <test-method status="PASS" signature="openBrowser()[pri:0, instance:com.Tests.InformationPageTest@4c762604]" name="openBrowser" is-config="true" duration-ms="7692" started-at="2022-12-18T11:05:52 IST" finished-at="2022-12-18T11:05:59 IST">
          <reporter-output>
          </reporter-output>
        </test-method> <!-- openBrowser -->
        <test-method status="PASS" signature="selectItems(java.lang.String,java.lang.String)[pri:1, instance:com.Tests.InformationPageTest@4c762604]" name="selectItems" duration-ms="11686" started-at="2022-12-18T11:05:59 IST" data-provider="getData1" finished-at="2022-12-18T11:06:11 IST">
          <params>
            <param index="0">
              <value>
                <![CDATA[performance_glitch_user]]>
              </value>
            </param>
            <param index="1">
              <value>
                <![CDATA[secret_sauce]]>
              </value>
            </param>
          </params>
          <reporter-output>
          </reporter-output>
        </test-method> <!-- selectItems -->
        <test-method status="PASS" signature="closewindow()[pri:0, instance:com.Tests.InformationPageTest@4c762604]" name="closewindow" is-config="true" duration-ms="1041" started-at="2022-12-18T11:06:25 IST" finished-at="2022-12-18T11:06:26 IST">
          <reporter-output>
          </reporter-output>
        </test-method> <!-- closewindow -->
      </class> <!-- com.Tests.InformationPageTest -->
    </test> <!-- Default test -->
  </suite> <!-- Default suite -->
</testng-results>
