<?xml version="1.0" encoding="UTF-8"?>
<testng-results skipped="0" failed="0" ignored="0" total="1" passed="1">
  <reporter-output>
  </reporter-output>
  <suite name="Default suite" duration-ms="22902" started-at="2023-01-17T06:12:19Z" finished-at="2023-01-17T06:12:42Z">
    <groups>
    </groups>
    <test name="Default test" duration-ms="22902" started-at="2023-01-17T06:12:19Z" finished-at="2023-01-17T06:12:42Z">
      <class name="com.api.Get_GetResponseBodyValues">
        <test-method status="PASS" signature="getResposeValues()[pri:0, instance:com.api.Get_GetResponseBodyValues@212bf671]" name="getResposeValues" duration-ms="22629" started-at="2023-01-17T06:12:19Z" finished-at="2023-01-17T06:12:42Z">
          <reporter-output>
          </reporter-output>
        </test-method> <!-- getResposeValues -->
      </class> <!-- com.api.Get_GetResponseBodyValues -->
    </test> <!-- Default test -->
  </suite> <!-- Default suite -->
</testng-results>
