<?xml version="1.0" encoding="UTF-8"?>
<testng-results ignored="0" total="1" passed="1" failed="0" skipped="0">
  <reporter-output>
  </reporter-output>
  <suite started-at="2022-12-04T15:20:11 IST" name="Default suite" finished-at="2022-12-04T15:20:53 IST" duration-ms="42526">
    <groups>
    </groups>
    <test started-at="2022-12-04T15:20:11 IST" name="Default test" finished-at="2022-12-04T15:20:53 IST" duration-ms="42526">
      <class name="Demo.Login">
        <test-method is-config="true" signature="openBrowser()[pri:0, instance:Demo.Login@52af26ee]" started-at="2022-12-04T15:20:02 IST" name="openBrowser" finished-at="2022-12-04T15:20:11 IST" duration-ms="9115" status="PASS">
          <reporter-output>
          </reporter-output>
        </test-method> <!-- openBrowser -->
        <test-method is-config="true" signature="openUrl()[pri:0, instance:Demo.Login@52af26ee]" started-at="2022-12-04T15:20:11 IST" name="openUrl" finished-at="2022-12-04T15:20:21 IST" duration-ms="10221" status="PASS">
          <reporter-output>
          </reporter-output>
        </test-method> <!-- openUrl -->
        <test-method signature="checkItems()[pri:0, instance:Demo.Login@52af26ee]" started-at="2022-12-04T15:20:21 IST" name="checkItems" finished-at="2022-12-04T15:20:53 IST" duration-ms="32208" status="PASS">
          <reporter-output>
          </reporter-output>
        </test-method> <!-- checkItems -->
      </class> <!-- Demo.Login -->
    </test> <!-- Default test -->
  </suite> <!-- Default suite -->
</testng-results>
