<?xml version="1.0" encoding="UTF-8"?>
<testng-results skipped="0" failed="0" ignored="0" total="1" passed="1">
  <reporter-output>
  </reporter-output>
  <suite name="Suite" duration-ms="63767" started-at="2023-03-19T21:06:32 IST" finished-at="2023-03-19T21:07:36 IST">
    <groups>
    </groups>
    <test name="Test" duration-ms="63767" started-at="2023-03-19T21:06:32 IST" finished-at="2023-03-19T21:07:36 IST">
      <class name="paraBank.TestClasses.TC0_RegistrationPage_Test">
        <test-method status="PASS" signature="initBrowser(java.lang.String)[pri:0, instance:paraBank.TestClasses.TC0_RegistrationPage_Test@67b467e9]" name="initBrowser" is-config="true" duration-ms="46894" started-at="2023-03-19T21:06:32 IST" finished-at="2023-03-19T21:07:19 IST">
          <params>
            <param index="0">
              <value>
                <![CDATA[edge]]>
              </value>
            </param>
          </params>
          <reporter-output>
          </reporter-output>
        </test-method> <!-- initBrowser -->
        <test-method status="PASS" signature="registrationPage(java.lang.String,java.lang.String,java.lang.String,java.lang.String,java.lang.String,java.lang.String,java.lang.String,java.lang.String,java.lang.String,java.lang.String,java.lang.String)[pri:0, instance:paraBank.TestClasses.TC0_RegistrationPage_Test@67b467e9]" name="registrationPage" duration-ms="5689" started-at="2023-03-19T21:07:30 IST" data-provider="getdata" finished-at="2023-03-19T21:07:36 IST">
          <params>
            <param index="0">
              <value>
                <![CDATA[Mahesh]]>
              </value>
            </param>
            <param index="1">
              <value>
                <![CDATA[Raghu]]>
              </value>
            </param>
            <param index="2">
              <value>
                <![CDATA[Chinchwad]]>
              </value>
            </param>
            <param index="3">
              <value>
                <![CDATA[Pune]]>
              </value>
            </param>
            <param index="4">
              <value>
                <![CDATA[Maharashtra]]>
              </value>
            </param>
            <param index="5">
              <value>
                <![CDATA[411033]]>
              </value>
            </param>
            <param index="6">
              <value>
                <![CDATA[9209006400]]>
              </value>
            </param>
            <param index="7">
              <value>
                <![CDATA[nsxb]]>
              </value>
            </param>
            <param index="8">
              <value>
                <![CDATA[john]]>
              </value>
            </param>
            <param index="9">
              <value>
                <![CDATA[demo]]>
              </value>
            </param>
            <param index="10">
              <value>
                <![CDATA[demo]]>
              </value>
            </param>
          </params>
          <reporter-output>
          </reporter-output>
        </test-method> <!-- registrationPage -->
        <test-method status="FAIL" signature="saveScreenShot()[pri:0, instance:paraBank.TestClasses.TC0_RegistrationPage_Test@67b467e9]" name="saveScreenShot" is-config="true" duration-ms="6" started-at="2023-03-19T21:07:36 IST" finished-at="2023-03-19T21:07:36 IST">
          <exception class="java.lang.NullPointerException">
            <full-stacktrace>
              <![CDATA[java.lang.NullPointerException
at commonMethods.TakeScreenShots.getScreenShots(TakeScreenShots.java:24)
at paraBank.TestClasses.TC0_RegistrationPage_Test.saveScreenShot(TC0_RegistrationPage_Test.java:55)
at sun.reflect.NativeMethodAccessorImpl.invoke0(Native Method)
at sun.reflect.NativeMethodAccessorImpl.invoke(NativeMethodAccessorImpl.java:62)
at sun.reflect.DelegatingMethodAccessorImpl.invoke(DelegatingMethodAccessorImpl.java:43)
at java.lang.reflect.Method.invoke(Method.java:498)
at org.testng.internal.MethodInvocationHelper.invokeMethod(MethodInvocationHelper.java:133)
at org.testng.internal.MethodInvocationHelper.invokeMethodConsideringTimeout(MethodInvocationHelper.java:62)
at org.testng.internal.ConfigInvoker.invokeConfigurationMethod(ConfigInvoker.java:385)
at org.testng.internal.ConfigInvoker.invokeConfigurations(ConfigInvoker.java:321)
at org.testng.internal.TestInvoker.runConfigMethods(TestInvoker.java:700)
at org.testng.internal.TestInvoker.runAfterGroupsConfigurations(TestInvoker.java:676)
at org.testng.internal.TestInvoker.invokeMethod(TestInvoker.java:660)
at org.testng.internal.TestInvoker.invokeTestMethod(TestInvoker.java:173)
at org.testng.internal.MethodRunner.runInSequence(MethodRunner.java:46)
at org.testng.internal.TestInvoker$MethodInvocationAgent.invoke(TestInvoker.java:824)
at org.testng.internal.TestInvoker.invokeTestMethods(TestInvoker.java:146)
at org.testng.internal.TestMethodWorker.invokeTestMethods(TestMethodWorker.java:146)
at org.testng.internal.TestMethodWorker.run(TestMethodWorker.java:128)
at java.util.concurrent.ThreadPoolExecutor.runWorker(ThreadPoolExecutor.java:1149)
at java.util.concurrent.ThreadPoolExecutor$Worker.run(ThreadPoolExecutor.java:624)
at java.lang.Thread.run(Thread.java:748)
]]>
            </full-stacktrace>
          </exception> <!-- java.lang.NullPointerException -->
          <reporter-output>
          </reporter-output>
        </test-method> <!-- saveScreenShot -->
        <test-method status="SKIP" signature="tearDown()[pri:0, instance:paraBank.TestClasses.TC0_RegistrationPage_Test@67b467e9]" name="tearDown" is-config="true" duration-ms="-1679240256432" started-at="2023-03-19T21:07:36 IST" finished-at="1970-01-01T05:30:00 IST">
          <reporter-output>
          </reporter-output>
        </test-method> <!-- tearDown -->
      </class> <!-- paraBank.TestClasses.TC0_RegistrationPage_Test -->
    </test> <!-- Test -->
  </suite> <!-- Suite -->
</testng-results>
