<?xml version="1.0" encoding="UTF-8"?>
<testng-results skipped="0" failed="0" ignored="0" total="1" passed="1">
  <reporter-output>
  </reporter-output>
  <suite name="Default suite" duration-ms="10526" started-at="2022-12-15T11:43:01 IST" finished-at="2022-12-15T11:43:11 IST">
    <groups>
    </groups>
    <test name="Default test" duration-ms="10526" started-at="2022-12-15T11:43:01 IST" finished-at="2022-12-15T11:43:11 IST">
      <class name="propertiesFile.LogInTest">
        <test-method status="PASS" signature="openBrowser()[pri:0, instance:propertiesFile.LogInTest@42f93a98]" name="openBrowser" is-config="true" duration-ms="22963" started-at="2022-12-15T11:42:38 IST" finished-at="2022-12-15T11:43:01 IST">
          <reporter-output>
          </reporter-output>
        </test-method> <!-- openBrowser -->
        <test-method status="PASS" signature="waits()[pri:0, instance:propertiesFile.LogInTest@42f93a98]" name="waits" is-config="true" duration-ms="9" started-at="2022-12-15T11:43:01 IST" finished-at="2022-12-15T11:43:01 IST">
          <reporter-output>
          </reporter-output>
        </test-method> <!-- waits -->
        <test-method status="PASS" signature="logIn()[pri:0, instance:propertiesFile.LogInTest@42f93a98]" name="logIn" duration-ms="10382" started-at="2022-12-15T11:43:01 IST" finished-at="2022-12-15T11:43:11 IST">
          <reporter-output>
          </reporter-output>
        </test-method> <!-- logIn -->
        <test-method status="PASS" signature="closeBrowser()[pri:0, instance:propertiesFile.LogInTest@42f93a98]" name="closeBrowser" is-config="true" duration-ms="1429" started-at="2022-12-15T11:43:12 IST" finished-at="2022-12-15T11:43:13 IST">
          <reporter-output>
          </reporter-output>
        </test-method> <!-- closeBrowser -->
      </class> <!-- propertiesFile.LogInTest -->
    </test> <!-- Default test -->
  </suite> <!-- Default suite -->
</testng-results>
